0 info it worked if it ends with ok
1 verbose cli [ 'node', '/usr/bin/npm', 'install' ]
2 info using npm@3.4.1
3 info using node@v0.10.40
4 verbose node symlink /usr/bin/node
5 silly loadCurrentTree Starting
6 silly install loadCurrentTree
7 silly install readLocalPackageData
8 silly install normalizeTree
9 silly loadCurrentTree Finishing
10 silly loadIdealTree Starting
11 silly install loadIdealTree
12 silly cloneCurrentTree Starting
13 silly install cloneCurrentTreeToIdealTree
14 silly cloneCurrentTree Finishing
15 silly loadShrinkwrap Starting
16 silly install loadShrinkwrap
17 silly loadShrinkwrap Finishing
18 silly loadAllDepsIntoIdealTree Starting
19 silly install loadAllDepsIntoIdealTree
20 silly loadAllDepsIntoIdealTree Finishing
21 silly idealTree:prePrune modules@0.1.0
21 silly idealTree:prePrune ├── abbrev@1.0.7
21 silly idealTree:prePrune ├── align-text@0.1.3
21 silly idealTree:prePrune ├── ansi-regex@2.0.0
21 silly idealTree:prePrune ├── ansi-styles@2.1.0
21 silly idealTree:prePrune ├── archive-type@3.0.2
21 silly idealTree:prePrune ├─┬ argparse@0.1.16
21 silly idealTree:prePrune │ └── underscore.string@2.4.0
21 silly idealTree:prePrune ├── array-differ@1.0.0
21 silly idealTree:prePrune ├── array-uniq@1.0.2
21 silly idealTree:prePrune ├── async-each-series@1.1.0
21 silly idealTree:prePrune ├── async@0.1.22
21 silly idealTree:prePrune ├── balanced-match@0.2.1
21 silly idealTree:prePrune ├── beeper@1.1.0
21 silly idealTree:prePrune ├── bin-build@2.2.0
21 silly idealTree:prePrune ├── bin-check@2.0.0
21 silly idealTree:prePrune ├─┬ bin-version-check@2.1.0
21 silly idealTree:prePrune │ └── semver@4.3.6
21 silly idealTree:prePrune ├── bin-version@1.0.4
21 silly idealTree:prePrune ├── bin-wrapper@3.0.2
21 silly idealTree:prePrune ├── bl@1.0.0
21 silly idealTree:prePrune ├── brace-expansion@1.1.1
21 silly idealTree:prePrune ├── browserify-zlib@0.1.4
21 silly idealTree:prePrune ├── buffer-equal@0.0.1
21 silly idealTree:prePrune ├── buffer-to-vinyl@1.1.0
21 silly idealTree:prePrune ├── builtin-modules@1.1.0
21 silly idealTree:prePrune ├── bunker@0.1.2
21 silly idealTree:prePrune ├─┬ burrito@0.2.12
21 silly idealTree:prePrune │ └── traverse@0.5.2
21 silly idealTree:prePrune ├── camelcase-keys@2.0.0
21 silly idealTree:prePrune ├── camelcase@2.0.0
21 silly idealTree:prePrune ├── capture-stack-trace@1.0.0
21 silly idealTree:prePrune ├─┬ caw@1.1.0
21 silly idealTree:prePrune │ └── object-assign@3.0.0
21 silly idealTree:prePrune ├── center-align@0.1.2
21 silly idealTree:prePrune ├── chalk@1.1.1
21 silly idealTree:prePrune ├── charm@0.1.2
21 silly idealTree:prePrune ├── clap@1.0.9
21 silly idealTree:prePrune ├─┬ cli@0.6.6
21 silly idealTree:prePrune │ ├── glob@3.2.11
21 silly idealTree:prePrune │ └── minimatch@0.3.0
21 silly idealTree:prePrune ├── cliui@2.1.0
21 silly idealTree:prePrune ├── clone-stats@0.0.1
21 silly idealTree:prePrune ├── clone@1.0.2
21 silly idealTree:prePrune ├── co@3.1.0
21 silly idealTree:prePrune ├── coa@1.0.1
21 silly idealTree:prePrune ├── coffee-script@1.3.3
21 silly idealTree:prePrune ├── colors@0.6.2
21 silly idealTree:prePrune ├── commander@2.8.1
21 silly idealTree:prePrune ├── concat-map@0.0.1
21 silly idealTree:prePrune ├── concat-stream@1.5.1
21 silly idealTree:prePrune ├── console-browserify@1.1.0
21 silly idealTree:prePrune ├── console-stream@0.1.1
21 silly idealTree:prePrune ├── convert-source-map@1.1.2
21 silly idealTree:prePrune ├── core-util-is@1.0.1
21 silly idealTree:prePrune ├── create-error-class@2.0.1
21 silly idealTree:prePrune ├── cross-spawn@0.2.9
21 silly idealTree:prePrune ├── csso@1.4.2
21 silly idealTree:prePrune ├── dargs@4.0.1
21 silly idealTree:prePrune ├── date-now@0.1.4
21 silly idealTree:prePrune ├── dateformat@1.0.2-1.2.3
21 silly idealTree:prePrune ├── debug@0.7.4
21 silly idealTree:prePrune ├── decamelize@1.1.1
21 silly idealTree:prePrune ├─┬ decompress-tar@3.1.0
21 silly idealTree:prePrune │ ├── clone@0.2.0
21 silly idealTree:prePrune │ └── vinyl@0.4.6
21 silly idealTree:prePrune ├─┬ decompress-tarbz2@3.1.0
21 silly idealTree:prePrune │ ├── clone@0.2.0
21 silly idealTree:prePrune │ └── vinyl@0.4.6
21 silly idealTree:prePrune ├─┬ decompress-targz@3.1.0
21 silly idealTree:prePrune │ ├── clone@0.2.0
21 silly idealTree:prePrune │ └── vinyl@0.4.6
21 silly idealTree:prePrune ├─┬ decompress-unzip@3.4.0
21 silly idealTree:prePrune │ └── through2@2.0.0
21 silly idealTree:prePrune ├─┬ decompress@3.0.0
21 silly idealTree:prePrune │ ├── graceful-fs@4.1.2
21 silly idealTree:prePrune │ ├── object-assign@4.0.1
21 silly idealTree:prePrune │ ├── through2@2.0.0
21 silly idealTree:prePrune │ └── vinyl-fs@2.2.1
21 silly idealTree:prePrune ├── deep-equal@1.0.1
21 silly idealTree:prePrune ├── deep-extend@0.2.11
21 silly idealTree:prePrune ├── deep-is@0.1.3
21 silly idealTree:prePrune ├── difflet@0.2.6
21 silly idealTree:prePrune ├─┬ dom-serializer@0.1.0
21 silly idealTree:prePrune │ ├── domelementtype@1.1.3
21 silly idealTree:prePrune │ └── entities@1.1.1
21 silly idealTree:prePrune ├── domelementtype@1.3.0
21 silly idealTree:prePrune ├── domhandler@2.3.0
21 silly idealTree:prePrune ├── domutils@1.5.1
21 silly idealTree:prePrune ├─┬ download@4.4.1
21 silly idealTree:prePrune │ ├── graceful-fs@4.1.2
21 silly idealTree:prePrune │ ├── object-assign@4.0.1
21 silly idealTree:prePrune │ ├── through2@2.0.0
21 silly idealTree:prePrune │ └── vinyl-fs@2.2.1
21 silly idealTree:prePrune ├── duplexer2@0.1.4
21 silly idealTree:prePrune ├─┬ duplexify@3.4.2
21 silly idealTree:prePrune │ └── end-of-stream@1.0.0
21 silly idealTree:prePrune ├── each-async@1.1.1
21 silly idealTree:prePrune ├── end-of-stream@1.1.0
21 silly idealTree:prePrune ├── entities@1.0.0
21 silly idealTree:prePrune ├── error-ex@1.3.0
21 silly idealTree:prePrune ├── escape-string-regexp@1.0.3
21 silly idealTree:prePrune ├── esprima@1.0.4
21 silly idealTree:prePrune ├── eventemitter2@0.4.14
21 silly idealTree:prePrune ├── exec-buffer@2.0.1
21 silly idealTree:prePrune ├── exec-series@1.0.2
21 silly idealTree:prePrune ├── executable@1.1.0
21 silly idealTree:prePrune ├── exit@0.1.2
21 silly idealTree:prePrune ├── extend-shallow@2.0.1
21 silly idealTree:prePrune ├── extend@3.0.0
21 silly idealTree:prePrune ├─┬ fancy-log@1.1.0
21 silly idealTree:prePrune │ └── dateformat@1.0.11
21 silly idealTree:prePrune ├── faye-websocket@0.4.4
21 silly idealTree:prePrune ├── fd-slicer@1.0.1
21 silly idealTree:prePrune ├── figures@1.4.0
21 silly idealTree:prePrune ├── file-type@3.3.0
21 silly idealTree:prePrune ├── filename-reserved-regex@1.0.0
21 silly idealTree:prePrune ├── filenamify@1.2.0
21 silly idealTree:prePrune ├── find-index@0.1.1
21 silly idealTree:prePrune ├─┬ find-up@1.1.0
21 silly idealTree:prePrune │ ├── path-exists@2.1.0
21 silly idealTree:prePrune │ ├── pinkie-promise@2.0.0
21 silly idealTree:prePrune │ └── pinkie@2.0.0
21 silly idealTree:prePrune ├─┬ find-versions@1.2.0
21 silly idealTree:prePrune │ └── get-stdin@5.0.1
21 silly idealTree:prePrune ├─┬ findup-sync@0.1.3
21 silly idealTree:prePrune │ ├── glob@3.2.11
21 silly idealTree:prePrune │ ├── lodash@2.4.2
21 silly idealTree:prePrune │ └── minimatch@0.3.0
21 silly idealTree:prePrune ├── first-chunk-stream@1.0.0
21 silly idealTree:prePrune ├── gaze@0.5.2
21 silly idealTree:prePrune ├── get-proxy@1.0.1
21 silly idealTree:prePrune ├── get-stdin@4.0.1
21 silly idealTree:prePrune ├── getobject@0.1.0
21 silly idealTree:prePrune ├── gifsicle@3.0.3
21 silly idealTree:prePrune ├─┬ glob-stream@5.2.0
21 silly idealTree:prePrune │ ├── glob@5.0.15
21 silly idealTree:prePrune │ └── minimatch@2.0.10
21 silly idealTree:prePrune ├── glob-watcher@0.0.8
21 silly idealTree:prePrune ├── glob2base@0.0.12
21 silly idealTree:prePrune ├─┬ glob@3.1.21
21 silly idealTree:prePrune │ └── inherits@1.0.2
21 silly idealTree:prePrune ├─┬ globule@0.1.0
21 silly idealTree:prePrune │ └── lodash@1.0.2
21 silly idealTree:prePrune ├── glogg@1.0.0
21 silly idealTree:prePrune ├─┬ got@5.1.0
21 silly idealTree:prePrune │ └── object-assign@4.0.1
21 silly idealTree:prePrune ├── graceful-fs@1.2.3
21 silly idealTree:prePrune ├── graceful-readlink@1.0.1
21 silly idealTree:prePrune ├─┬ grunt-contrib-imagemin@0.9.4
21 silly idealTree:prePrune │ └── async@0.9.2
21 silly idealTree:prePrune ├── grunt-contrib-jshint@0.11.3
21 silly idealTree:prePrune ├── grunt-contrib-nodeunit@0.4.1
21 silly idealTree:prePrune ├─┬ grunt-contrib-sass@0.9.2
21 silly idealTree:prePrune │ ├── ansi-regex@0.2.1
21 silly idealTree:prePrune │ ├── ansi-styles@1.1.0
21 silly idealTree:prePrune │ ├── async@0.9.2
21 silly idealTree:prePrune │ ├── chalk@0.5.1
21 silly idealTree:prePrune │ ├── has-ansi@0.1.0
21 silly idealTree:prePrune │ ├── strip-ansi@0.3.0
21 silly idealTree:prePrune │ └── supports-color@0.2.0
21 silly idealTree:prePrune ├─┬ grunt-contrib-uglify@0.5.1
21 silly idealTree:prePrune │ ├── ansi-regex@0.2.1
21 silly idealTree:prePrune │ ├── ansi-styles@1.1.0
21 silly idealTree:prePrune │ ├── async@0.2.10
21 silly idealTree:prePrune │ ├── chalk@0.5.1
21 silly idealTree:prePrune │ ├── has-ansi@0.1.0
21 silly idealTree:prePrune │ ├── lodash@2.4.2
21 silly idealTree:prePrune │ ├── strip-ansi@0.3.0
21 silly idealTree:prePrune │ ├── supports-color@0.2.0
21 silly idealTree:prePrune │ └── uglify-js@2.6.1
21 silly idealTree:prePrune ├─┬ grunt-contrib-watch@0.6.1
21 silly idealTree:prePrune │ ├── async@0.2.10
21 silly idealTree:prePrune │ └── lodash@2.4.2
21 silly idealTree:prePrune ├─┬ grunt-legacy-log-utils@0.1.1
21 silly idealTree:prePrune │ ├── lodash@2.4.2
21 silly idealTree:prePrune │ └── underscore.string@2.3.3
21 silly idealTree:prePrune ├─┬ grunt-legacy-log@0.1.2
21 silly idealTree:prePrune │ ├── lodash@2.4.2
21 silly idealTree:prePrune │ └── underscore.string@2.3.3
21 silly idealTree:prePrune ├── grunt-legacy-util@0.2.0
21 silly idealTree:prePrune ├── grunt@0.4.5
21 silly idealTree:prePrune ├── gulp-decompress@1.2.0
21 silly idealTree:prePrune ├── gulp-rename@1.2.2
21 silly idealTree:prePrune ├─┬ gulp-sourcemaps@1.6.0
21 silly idealTree:prePrune │ ├── graceful-fs@4.1.2
21 silly idealTree:prePrune │ └── through2@2.0.0
21 silly idealTree:prePrune ├─┬ gulp-util@3.0.7
21 silly idealTree:prePrune │ ├── dateformat@1.0.11
21 silly idealTree:prePrune │ ├── object-assign@3.0.0
21 silly idealTree:prePrune │ ├── through2@2.0.0
21 silly idealTree:prePrune │ └── vinyl@0.5.3
21 silly idealTree:prePrune ├── gulplog@1.0.0
21 silly idealTree:prePrune ├── gzip-size@0.2.0
21 silly idealTree:prePrune ├── has-ansi@2.0.0
21 silly idealTree:prePrune ├── has-gulplog@0.1.0
21 silly idealTree:prePrune ├── hooker@0.2.3
21 silly idealTree:prePrune ├── hosted-git-info@2.1.4
21 silly idealTree:prePrune ├─┬ htmlparser2@3.8.3
21 silly idealTree:prePrune │ └── readable-stream@1.1.13
21 silly idealTree:prePrune ├── iconv-lite@0.2.11
21 silly idealTree:prePrune ├── imagemin-gifsicle@4.2.0
21 silly idealTree:prePrune ├─┬ imagemin-jpegtran@4.3.2
21 silly idealTree:prePrune │ └── through2@2.0.0
21 silly idealTree:prePrune ├── imagemin-optipng@4.3.0
21 silly idealTree:prePrune ├─┬ imagemin-svgo@4.2.0
21 silly idealTree:prePrune │ └── through2@2.0.0
21 silly idealTree:prePrune ├── imagemin@3.2.2
21 silly idealTree:prePrune ├── indent-string@2.1.0
21 silly idealTree:prePrune ├── inflight@1.0.4
21 silly idealTree:prePrune ├── inherits@2.0.1
21 silly idealTree:prePrune ├── ini@1.3.4
21 silly idealTree:prePrune ├── ip-regex@1.0.3
21 silly idealTree:prePrune ├── is-absolute@0.1.7
21 silly idealTree:prePrune ├── is-arrayish@0.2.1
21 silly idealTree:prePrune ├── is-buffer@1.1.0
21 silly idealTree:prePrune ├── is-builtin-module@1.0.0
21 silly idealTree:prePrune ├── is-bzip2@1.0.0
21 silly idealTree:prePrune ├── is-extendable@0.1.1
21 silly idealTree:prePrune ├── is-finite@1.0.1
21 silly idealTree:prePrune ├── is-gif@1.0.0
21 silly idealTree:prePrune ├── is-gzip@1.0.0
21 silly idealTree:prePrune ├── is-jpg@1.0.0
21 silly idealTree:prePrune ├── is-natural-number@2.0.0
21 silly idealTree:prePrune ├── is-obj@1.0.0
21 silly idealTree:prePrune ├── is-plain-obj@1.1.0
21 silly idealTree:prePrune ├── is-png@1.0.0
21 silly idealTree:prePrune ├── is-redirect@1.0.0
21 silly idealTree:prePrune ├── is-relative@0.1.3
21 silly idealTree:prePrune ├── is-stream@1.0.1
21 silly idealTree:prePrune ├── is-svg@1.1.1
21 silly idealTree:prePrune ├── is-tar@1.0.0
21 silly idealTree:prePrune ├── is-url@1.2.1
21 silly idealTree:prePrune ├── is-utf8@0.2.0
21 silly idealTree:prePrune ├── is-valid-glob@0.3.0
21 silly idealTree:prePrune ├── is-zip@1.0.0
21 silly idealTree:prePrune ├── isarray@0.0.1
21 silly idealTree:prePrune ├── jpegtran-bin@3.0.6
21 silly idealTree:prePrune ├── js-yaml@2.0.5
21 silly idealTree:prePrune ├─┬ jshint@2.8.0
21 silly idealTree:prePrune │ ├── lodash@3.7.0
21 silly idealTree:prePrune │ ├── minimatch@2.0.10
21 silly idealTree:prePrune │ └── strip-json-comments@1.0.4
21 silly idealTree:prePrune ├── kind-of@2.0.1
21 silly idealTree:prePrune ├── lazy-cache@0.2.4
21 silly idealTree:prePrune ├── lazy-req@1.1.0
21 silly idealTree:prePrune ├─┬ load-json-file@1.1.0
21 silly idealTree:prePrune │ ├── graceful-fs@4.1.2
21 silly idealTree:prePrune │ ├── pinkie-promise@2.0.0
21 silly idealTree:prePrune │ └── pinkie@2.0.0
21 silly idealTree:prePrune ├── lodash._basecopy@3.0.1
21 silly idealTree:prePrune ├── lodash._basetostring@3.0.1
21 silly idealTree:prePrune ├── lodash._basevalues@3.0.0
21 silly idealTree:prePrune ├── lodash._getnative@3.9.1
21 silly idealTree:prePrune ├── lodash._isiterateecall@3.0.9
21 silly idealTree:prePrune ├── lodash._reescape@3.0.0
21 silly idealTree:prePrune ├── lodash._reevaluate@3.0.0
21 silly idealTree:prePrune ├── lodash._reinterpolate@3.0.0
21 silly idealTree:prePrune ├── lodash.escape@3.0.0
21 silly idealTree:prePrune ├── lodash.isarguments@3.0.4
21 silly idealTree:prePrune ├── lodash.isarray@3.0.4
21 silly idealTree:prePrune ├── lodash.keys@3.1.2
21 silly idealTree:prePrune ├── lodash.restparam@3.6.1
21 silly idealTree:prePrune ├── lodash.template@3.6.2
21 silly idealTree:prePrune ├── lodash.templatesettings@3.1.0
21 silly idealTree:prePrune ├── lodash@0.9.2
21 silly idealTree:prePrune ├── logalot@2.1.0
21 silly idealTree:prePrune ├── longest@1.0.1
21 silly idealTree:prePrune ├── loud-rejection@1.2.0
21 silly idealTree:prePrune ├── lowercase-keys@1.0.0
21 silly idealTree:prePrune ├── lpad-align@1.1.0
21 silly idealTree:prePrune ├── lpad@2.0.1
21 silly idealTree:prePrune ├── lru-cache@2.7.0
21 silly idealTree:prePrune ├── map-obj@1.0.1
21 silly idealTree:prePrune ├── matchdep@0.3.0
21 silly idealTree:prePrune ├─┬ maxmin@0.2.2
21 silly idealTree:prePrune │ ├── ansi-regex@0.2.1
21 silly idealTree:prePrune │ ├── ansi-styles@1.1.0
21 silly idealTree:prePrune │ ├── chalk@0.5.1
21 silly idealTree:prePrune │ ├── has-ansi@0.1.0
21 silly idealTree:prePrune │ ├── pretty-bytes@0.1.2
21 silly idealTree:prePrune │ ├── strip-ansi@0.3.0
21 silly idealTree:prePrune │ └── supports-color@0.2.0
21 silly idealTree:prePrune ├─┬ meow@3.6.0
21 silly idealTree:prePrune │ └── object-assign@4.0.1
21 silly idealTree:prePrune ├── merge-stream@1.0.0
21 silly idealTree:prePrune ├── minimatch@0.2.14
21 silly idealTree:prePrune ├── minimist@1.2.0
21 silly idealTree:prePrune ├─┬ mkdirp@0.5.1
21 silly idealTree:prePrune │ └── minimist@0.0.8
21 silly idealTree:prePrune ├─┬ multipipe@0.1.2
21 silly idealTree:prePrune │ ├── duplexer2@0.0.2
21 silly idealTree:prePrune │ └── readable-stream@1.1.13
21 silly idealTree:prePrune ├── node-status-codes@1.0.0
21 silly idealTree:prePrune ├── nodeunit@0.9.1
21 silly idealTree:prePrune ├── nopt@1.0.10
21 silly idealTree:prePrune ├─┬ noptify@0.0.3
21 silly idealTree:prePrune │ └── nopt@2.0.0
21 silly idealTree:prePrune ├── normalize-package-data@2.3.5
21 silly idealTree:prePrune ├── number-is-nan@1.0.0
21 silly idealTree:prePrune ├── object-assign@2.1.1
21 silly idealTree:prePrune ├── once@1.3.2
21 silly idealTree:prePrune ├── onetime@1.0.0
21 silly idealTree:prePrune ├── optional@0.1.3
21 silly idealTree:prePrune ├── optipng-bin@3.0.3
21 silly idealTree:prePrune ├── ordered-read-streams@0.3.0
21 silly idealTree:prePrune ├── os-filter-obj@1.0.3
21 silly idealTree:prePrune ├── os-tmpdir@1.0.1
21 silly idealTree:prePrune ├── pako@0.2.8
21 silly idealTree:prePrune ├── parse-json@2.2.0
21 silly idealTree:prePrune ├── path-exists@1.0.0
21 silly idealTree:prePrune ├── path-is-absolute@1.0.0
21 silly idealTree:prePrune ├─┬ path-type@1.1.0
21 silly idealTree:prePrune │ ├── graceful-fs@4.1.2
21 silly idealTree:prePrune │ ├── pinkie-promise@2.0.0
21 silly idealTree:prePrune │ └── pinkie@2.0.0
21 silly idealTree:prePrune ├── pend@1.2.0
21 silly idealTree:prePrune ├── pify@2.3.0
21 silly idealTree:prePrune ├── pinkie-promise@1.0.0
21 silly idealTree:prePrune ├── pinkie@1.0.0
21 silly idealTree:prePrune ├── prepend-http@1.0.3
21 silly idealTree:prePrune ├── pretty-bytes@1.0.4
21 silly idealTree:prePrune ├── process-nextick-args@1.0.3
21 silly idealTree:prePrune ├── q@1.4.1
21 silly idealTree:prePrune ├── qs@0.5.6
21 silly idealTree:prePrune ├─┬ rc@0.5.5
21 silly idealTree:prePrune │ └── minimist@0.0.10
21 silly idealTree:prePrune ├── read-all-stream@3.0.1
21 silly idealTree:prePrune ├── read-pkg-up@1.0.1
21 silly idealTree:prePrune ├── read-pkg@1.1.0
21 silly idealTree:prePrune ├── readable-stream@2.0.4
21 silly idealTree:prePrune ├── redent@1.0.0
21 silly idealTree:prePrune ├── repeat-string@1.5.2
21 silly idealTree:prePrune ├── repeating@2.0.0
21 silly idealTree:prePrune ├── replace-ext@0.0.1
21 silly idealTree:prePrune ├── resolve@0.5.1
21 silly idealTree:prePrune ├── right-align@0.1.3
21 silly idealTree:prePrune ├── rimraf@2.2.8
21 silly idealTree:prePrune ├── runforcover@0.0.2
21 silly idealTree:prePrune ├── sax@1.1.4
21 silly idealTree:prePrune ├── seek-bzip@1.0.5
21 silly idealTree:prePrune ├── semver-regex@1.0.0
21 silly idealTree:prePrune ├── semver-truncate@1.1.0
21 silly idealTree:prePrune ├── semver@5.0.3
21 silly idealTree:prePrune ├── set-immediate-shim@1.0.1
21 silly idealTree:prePrune ├── shelljs@0.3.0
21 silly idealTree:prePrune ├── sigmund@1.0.1
21 silly idealTree:prePrune ├── signal-exit@2.1.2
21 silly idealTree:prePrune ├── slide@1.1.6
21 silly idealTree:prePrune ├── source-map@0.5.3
21 silly idealTree:prePrune ├── sparkles@1.0.0
21 silly idealTree:prePrune ├── spdx-correct@1.0.2
21 silly idealTree:prePrune ├── spdx-exceptions@1.0.4
21 silly idealTree:prePrune ├── spdx-expression-parse@1.0.1
21 silly idealTree:prePrune ├── spdx-license-ids@1.1.0
21 silly idealTree:prePrune ├── sprintf-js@1.0.3
21 silly idealTree:prePrune ├── squeak@1.3.0
21 silly idealTree:prePrune ├── stack-trace@0.0.7
21 silly idealTree:prePrune ├── stat-mode@0.2.1
21 silly idealTree:prePrune ├── stream-combiner2@1.1.1
21 silly idealTree:prePrune ├── string_decoder@0.10.31
21 silly idealTree:prePrune ├── strip-ansi@3.0.0
21 silly idealTree:prePrune ├── strip-bom-stream@1.0.0
21 silly idealTree:prePrune ├── strip-bom@2.0.0
21 silly idealTree:prePrune ├── strip-dirs@1.1.1
21 silly idealTree:prePrune ├── strip-indent@1.0.1
21 silly idealTree:prePrune ├── strip-json-comments@0.1.3
21 silly idealTree:prePrune ├── strip-outer@1.0.0
21 silly idealTree:prePrune ├── sum-up@1.0.2
21 silly idealTree:prePrune ├── supports-color@2.0.0
21 silly idealTree:prePrune ├─┬ svgo@0.6.0
21 silly idealTree:prePrune │ ├── argparse@1.0.3
21 silly idealTree:prePrune │ ├── colors@1.1.2
21 silly idealTree:prePrune │ ├── esprima@2.7.0
21 silly idealTree:prePrune │ ├── js-yaml@3.4.3
21 silly idealTree:prePrune │ └── lodash@3.10.1
21 silly idealTree:prePrune ├─┬ tap@0.7.1
21 silly idealTree:prePrune │ ├── glob@4.5.3
21 silly idealTree:prePrune │ ├── minimatch@2.0.10
21 silly idealTree:prePrune │ └── nopt@3.0.6
21 silly idealTree:prePrune ├── tar-stream@1.3.1
21 silly idealTree:prePrune ├── tempfile@1.1.1
21 silly idealTree:prePrune ├─┬ through2-filter@2.0.0
21 silly idealTree:prePrune │ └── through2@2.0.0
21 silly idealTree:prePrune ├─┬ through2@0.6.5
21 silly idealTree:prePrune │ └── readable-stream@1.0.33
21 silly idealTree:prePrune ├── timed-out@2.0.0
21 silly idealTree:prePrune ├── tiny-lr-fork@0.0.5
21 silly idealTree:prePrune ├── to-absolute-glob@0.1.1
21 silly idealTree:prePrune ├── traverse@0.6.6
21 silly idealTree:prePrune ├── trim-newlines@1.0.0
21 silly idealTree:prePrune ├── trim-repeated@1.0.0
21 silly idealTree:prePrune ├── tunnel-agent@0.4.1
21 silly idealTree:prePrune ├── typedarray@0.0.6
21 silly idealTree:prePrune ├── uglify-js@1.1.1
21 silly idealTree:prePrune ├── uglify-to-browserify@1.0.2
21 silly idealTree:prePrune ├── underscore.string@2.2.1
21 silly idealTree:prePrune ├── underscore@1.7.0
21 silly idealTree:prePrune ├── unique-stream@2.2.0
21 silly idealTree:prePrune ├── unzip-response@1.0.0
21 silly idealTree:prePrune ├── url-parse-lax@1.0.0
21 silly idealTree:prePrune ├── url-regex@3.0.0
21 silly idealTree:prePrune ├── util-deprecate@1.0.2
21 silly idealTree:prePrune ├── uuid@2.0.1
21 silly idealTree:prePrune ├── validate-npm-package-license@3.0.1
21 silly idealTree:prePrune ├─┬ vinyl-assign@1.2.1
21 silly idealTree:prePrune │ └── object-assign@4.0.1
21 silly idealTree:prePrune ├─┬ vinyl-fs@1.0.0
21 silly idealTree:prePrune │ ├── clone@0.2.0
21 silly idealTree:prePrune │ ├── glob-stream@4.1.1
21 silly idealTree:prePrune │ ├── glob@4.5.3
21 silly idealTree:prePrune │ ├── graceful-fs@3.0.8
21 silly idealTree:prePrune │ ├── merge-stream@0.1.8
21 silly idealTree:prePrune │ ├── minimatch@2.0.10
21 silly idealTree:prePrune │ ├── ordered-read-streams@0.1.0
21 silly idealTree:prePrune │ ├── strip-bom@1.0.0
21 silly idealTree:prePrune │ └── vinyl@0.4.6
21 silly idealTree:prePrune ├── vinyl@1.1.0
21 silly idealTree:prePrune ├── ware@1.3.0
21 silly idealTree:prePrune ├── whet.extend@0.9.9
21 silly idealTree:prePrune ├── which@1.0.9
21 silly idealTree:prePrune ├── window-size@0.1.0
21 silly idealTree:prePrune ├── wordwrap@0.0.2
21 silly idealTree:prePrune ├── wrap-fn@0.1.4
21 silly idealTree:prePrune ├── wrappy@1.0.1
21 silly idealTree:prePrune ├── xtend@4.0.1
21 silly idealTree:prePrune ├── yamlish@0.0.7
21 silly idealTree:prePrune ├─┬ yargs@3.10.0
21 silly idealTree:prePrune │ └── camelcase@1.2.1
21 silly idealTree:prePrune └── yauzl@2.3.1
22 silly loadIdealTree Finishing
23 silly currentTree modules@0.1.0
23 silly currentTree ├── abbrev@1.0.7
23 silly currentTree ├── align-text@0.1.3
23 silly currentTree ├── ansi-regex@2.0.0
23 silly currentTree ├── ansi-styles@2.1.0
23 silly currentTree ├── archive-type@3.0.2
23 silly currentTree ├─┬ argparse@0.1.16
23 silly currentTree │ └── underscore.string@2.4.0
23 silly currentTree ├── array-differ@1.0.0
23 silly currentTree ├── array-uniq@1.0.2
23 silly currentTree ├── async-each-series@1.1.0
23 silly currentTree ├── async@0.1.22
23 silly currentTree ├── balanced-match@0.2.1
23 silly currentTree ├── beeper@1.1.0
23 silly currentTree ├── bin-build@2.2.0
23 silly currentTree ├── bin-check@2.0.0
23 silly currentTree ├─┬ bin-version-check@2.1.0
23 silly currentTree │ └── semver@4.3.6
23 silly currentTree ├── bin-version@1.0.4
23 silly currentTree ├── bin-wrapper@3.0.2
23 silly currentTree ├── bl@1.0.0
23 silly currentTree ├── brace-expansion@1.1.1
23 silly currentTree ├── browserify-zlib@0.1.4
23 silly currentTree ├── buffer-equal@0.0.1
23 silly currentTree ├── buffer-to-vinyl@1.1.0
23 silly currentTree ├── builtin-modules@1.1.0
23 silly currentTree ├── bunker@0.1.2
23 silly currentTree ├─┬ burrito@0.2.12
23 silly currentTree │ └── traverse@0.5.2
23 silly currentTree ├── camelcase-keys@2.0.0
23 silly currentTree ├── camelcase@2.0.0
23 silly currentTree ├── capture-stack-trace@1.0.0
23 silly currentTree ├─┬ caw@1.1.0
23 silly currentTree │ └── object-assign@3.0.0
23 silly currentTree ├── center-align@0.1.2
23 silly currentTree ├── chalk@1.1.1
23 silly currentTree ├── charm@0.1.2
23 silly currentTree ├── clap@1.0.9
23 silly currentTree ├─┬ cli@0.6.6
23 silly currentTree │ ├── glob@3.2.11
23 silly currentTree │ └── minimatch@0.3.0
23 silly currentTree ├── cliui@2.1.0
23 silly currentTree ├── clone-stats@0.0.1
23 silly currentTree ├── clone@1.0.2
23 silly currentTree ├── co@3.1.0
23 silly currentTree ├── coa@1.0.1
23 silly currentTree ├── coffee-script@1.3.3
23 silly currentTree ├── colors@0.6.2
23 silly currentTree ├── commander@2.8.1
23 silly currentTree ├── concat-map@0.0.1
23 silly currentTree ├── concat-stream@1.5.1
23 silly currentTree ├── console-browserify@1.1.0
23 silly currentTree ├── console-stream@0.1.1
23 silly currentTree ├── convert-source-map@1.1.2
23 silly currentTree ├── core-util-is@1.0.1
23 silly currentTree ├── create-error-class@2.0.1
23 silly currentTree ├── cross-spawn@0.2.9
23 silly currentTree ├── csso@1.4.2
23 silly currentTree ├── dargs@4.0.1
23 silly currentTree ├── date-now@0.1.4
23 silly currentTree ├── dateformat@1.0.2-1.2.3
23 silly currentTree ├── debug@0.7.4
23 silly currentTree ├── decamelize@1.1.1
23 silly currentTree ├─┬ decompress-tar@3.1.0
23 silly currentTree │ ├── clone@0.2.0
23 silly currentTree │ └── vinyl@0.4.6
23 silly currentTree ├─┬ decompress-tarbz2@3.1.0
23 silly currentTree │ ├── clone@0.2.0
23 silly currentTree │ └── vinyl@0.4.6
23 silly currentTree ├─┬ decompress-targz@3.1.0
23 silly currentTree │ ├── clone@0.2.0
23 silly currentTree │ └── vinyl@0.4.6
23 silly currentTree ├─┬ decompress-unzip@3.4.0
23 silly currentTree │ └── through2@2.0.0
23 silly currentTree ├─┬ decompress@3.0.0
23 silly currentTree │ ├── graceful-fs@4.1.2
23 silly currentTree │ ├── object-assign@4.0.1
23 silly currentTree │ ├── through2@2.0.0
23 silly currentTree │ └── vinyl-fs@2.2.1
23 silly currentTree ├── deep-equal@1.0.1
23 silly currentTree ├── deep-extend@0.2.11
23 silly currentTree ├── deep-is@0.1.3
23 silly currentTree ├── difflet@0.2.6
23 silly currentTree ├─┬ dom-serializer@0.1.0
23 silly currentTree │ ├── domelementtype@1.1.3
23 silly currentTree │ └── entities@1.1.1
23 silly currentTree ├── domelementtype@1.3.0
23 silly currentTree ├── domhandler@2.3.0
23 silly currentTree ├── domutils@1.5.1
23 silly currentTree ├─┬ download@4.4.1
23 silly currentTree │ ├── graceful-fs@4.1.2
23 silly currentTree │ ├── object-assign@4.0.1
23 silly currentTree │ ├── through2@2.0.0
23 silly currentTree │ └── vinyl-fs@2.2.1
23 silly currentTree ├── duplexer2@0.1.4
23 silly currentTree ├─┬ duplexify@3.4.2
23 silly currentTree │ └── end-of-stream@1.0.0
23 silly currentTree ├── each-async@1.1.1
23 silly currentTree ├── end-of-stream@1.1.0
23 silly currentTree ├── entities@1.0.0
23 silly currentTree ├── error-ex@1.3.0
23 silly currentTree ├── escape-string-regexp@1.0.3
23 silly currentTree ├── esprima@1.0.4
23 silly currentTree ├── eventemitter2@0.4.14
23 silly currentTree ├── exec-buffer@2.0.1
23 silly currentTree ├── exec-series@1.0.2
23 silly currentTree ├── executable@1.1.0
23 silly currentTree ├── exit@0.1.2
23 silly currentTree ├── extend-shallow@2.0.1
23 silly currentTree ├── extend@3.0.0
23 silly currentTree ├─┬ fancy-log@1.1.0
23 silly currentTree │ └── dateformat@1.0.11
23 silly currentTree ├── faye-websocket@0.4.4
23 silly currentTree ├── fd-slicer@1.0.1
23 silly currentTree ├── figures@1.4.0
23 silly currentTree ├── file-type@3.3.0
23 silly currentTree ├── filename-reserved-regex@1.0.0
23 silly currentTree ├── filenamify@1.2.0
23 silly currentTree ├── find-index@0.1.1
23 silly currentTree ├─┬ find-up@1.1.0
23 silly currentTree │ ├── path-exists@2.1.0
23 silly currentTree │ ├── pinkie-promise@2.0.0
23 silly currentTree │ └── pinkie@2.0.0
23 silly currentTree ├─┬ find-versions@1.2.0
23 silly currentTree │ └── get-stdin@5.0.1
23 silly currentTree ├─┬ findup-sync@0.1.3
23 silly currentTree │ ├── glob@3.2.11
23 silly currentTree │ ├── lodash@2.4.2
23 silly currentTree │ └── minimatch@0.3.0
23 silly currentTree ├── first-chunk-stream@1.0.0
23 silly currentTree ├── gaze@0.5.2
23 silly currentTree ├── get-proxy@1.0.1
23 silly currentTree ├── get-stdin@4.0.1
23 silly currentTree ├── getobject@0.1.0
23 silly currentTree ├── gifsicle@3.0.3
23 silly currentTree ├─┬ glob-stream@5.2.0
23 silly currentTree │ ├── glob@5.0.15
23 silly currentTree │ └── minimatch@2.0.10
23 silly currentTree ├── glob-watcher@0.0.8
23 silly currentTree ├── glob2base@0.0.12
23 silly currentTree ├─┬ glob@3.1.21
23 silly currentTree │ └── inherits@1.0.2
23 silly currentTree ├─┬ globule@0.1.0
23 silly currentTree │ └── lodash@1.0.2
23 silly currentTree ├── glogg@1.0.0
23 silly currentTree ├─┬ got@5.1.0
23 silly currentTree │ └── object-assign@4.0.1
23 silly currentTree ├── graceful-fs@1.2.3
23 silly currentTree ├── graceful-readlink@1.0.1
23 silly currentTree ├─┬ grunt-contrib-imagemin@0.9.4
23 silly currentTree │ └── async@0.9.2
23 silly currentTree ├── grunt-contrib-jshint@0.11.3
23 silly currentTree ├── grunt-contrib-nodeunit@0.4.1
23 silly currentTree ├─┬ grunt-contrib-sass@0.9.2
23 silly currentTree │ ├── ansi-regex@0.2.1
23 silly currentTree │ ├── ansi-styles@1.1.0
23 silly currentTree │ ├── async@0.9.2
23 silly currentTree │ ├── chalk@0.5.1
23 silly currentTree │ ├── has-ansi@0.1.0
23 silly currentTree │ ├── strip-ansi@0.3.0
23 silly currentTree │ └── supports-color@0.2.0
23 silly currentTree ├─┬ grunt-contrib-uglify@0.5.1
23 silly currentTree │ ├── ansi-regex@0.2.1
23 silly currentTree │ ├── ansi-styles@1.1.0
23 silly currentTree │ ├── async@0.2.10
23 silly currentTree │ ├── chalk@0.5.1
23 silly currentTree │ ├── has-ansi@0.1.0
23 silly currentTree │ ├── lodash@2.4.2
23 silly currentTree │ ├── strip-ansi@0.3.0
23 silly currentTree │ ├── supports-color@0.2.0
23 silly currentTree │ └── uglify-js@2.6.1
23 silly currentTree ├─┬ grunt-contrib-watch@0.6.1
23 silly currentTree │ ├── async@0.2.10
23 silly currentTree │ └── lodash@2.4.2
23 silly currentTree ├─┬ grunt-legacy-log-utils@0.1.1
23 silly currentTree │ ├── lodash@2.4.2
23 silly currentTree │ └── underscore.string@2.3.3
23 silly currentTree ├─┬ grunt-legacy-log@0.1.2
23 silly currentTree │ ├── lodash@2.4.2
23 silly currentTree │ └── underscore.string@2.3.3
23 silly currentTree ├── grunt-legacy-util@0.2.0
23 silly currentTree ├── grunt@0.4.5
23 silly currentTree ├── gulp-decompress@1.2.0
23 silly currentTree ├── gulp-rename@1.2.2
23 silly currentTree ├─┬ gulp-sourcemaps@1.6.0
23 silly currentTree │ ├── graceful-fs@4.1.2
23 silly currentTree │ └── through2@2.0.0
23 silly currentTree ├─┬ gulp-util@3.0.7
23 silly currentTree │ ├── dateformat@1.0.11
23 silly currentTree │ ├── object-assign@3.0.0
23 silly currentTree │ ├── through2@2.0.0
23 silly currentTree │ └── vinyl@0.5.3
23 silly currentTree ├── gulplog@1.0.0
23 silly currentTree ├── gzip-size@0.2.0
23 silly currentTree ├── has-ansi@2.0.0
23 silly currentTree ├── has-gulplog@0.1.0
23 silly currentTree ├── hooker@0.2.3
23 silly currentTree ├── hosted-git-info@2.1.4
23 silly currentTree ├─┬ htmlparser2@3.8.3
23 silly currentTree │ └── readable-stream@1.1.13
23 silly currentTree ├── iconv-lite@0.2.11
23 silly currentTree ├── imagemin-gifsicle@4.2.0
23 silly currentTree ├─┬ imagemin-jpegtran@4.3.2
23 silly currentTree │ └── through2@2.0.0
23 silly currentTree ├── imagemin-optipng@4.3.0
23 silly currentTree ├─┬ imagemin-svgo@4.2.0
23 silly currentTree │ └── through2@2.0.0
23 silly currentTree ├── imagemin@3.2.2
23 silly currentTree ├── indent-string@2.1.0
23 silly currentTree ├── inflight@1.0.4
23 silly currentTree ├── inherits@2.0.1
23 silly currentTree ├── ini@1.3.4
23 silly currentTree ├── ip-regex@1.0.3
23 silly currentTree ├── is-absolute@0.1.7
23 silly currentTree ├── is-arrayish@0.2.1
23 silly currentTree ├── is-buffer@1.1.0
23 silly currentTree ├── is-builtin-module@1.0.0
23 silly currentTree ├── is-bzip2@1.0.0
23 silly currentTree ├── is-extendable@0.1.1
23 silly currentTree ├── is-finite@1.0.1
23 silly currentTree ├── is-gif@1.0.0
23 silly currentTree ├── is-gzip@1.0.0
23 silly currentTree ├── is-jpg@1.0.0
23 silly currentTree ├── is-natural-number@2.0.0
23 silly currentTree ├── is-obj@1.0.0
23 silly currentTree ├── is-plain-obj@1.1.0
23 silly currentTree ├── is-png@1.0.0
23 silly currentTree ├── is-redirect@1.0.0
23 silly currentTree ├── is-relative@0.1.3
23 silly currentTree ├── is-stream@1.0.1
23 silly currentTree ├── is-svg@1.1.1
23 silly currentTree ├── is-tar@1.0.0
23 silly currentTree ├── is-url@1.2.1
23 silly currentTree ├── is-utf8@0.2.0
23 silly currentTree ├── is-valid-glob@0.3.0
23 silly currentTree ├── is-zip@1.0.0
23 silly currentTree ├── isarray@0.0.1
23 silly currentTree ├── jpegtran-bin@3.0.6
23 silly currentTree ├── js-yaml@2.0.5
23 silly currentTree ├─┬ jshint@2.8.0
23 silly currentTree │ ├── lodash@3.7.0
23 silly currentTree │ ├── minimatch@2.0.10
23 silly currentTree │ └── strip-json-comments@1.0.4
23 silly currentTree ├── kind-of@2.0.1
23 silly currentTree ├── lazy-cache@0.2.4
23 silly currentTree ├── lazy-req@1.1.0
23 silly currentTree ├─┬ load-json-file@1.1.0
23 silly currentTree │ ├── graceful-fs@4.1.2
23 silly currentTree │ ├── pinkie-promise@2.0.0
23 silly currentTree │ └── pinkie@2.0.0
23 silly currentTree ├── lodash._basecopy@3.0.1
23 silly currentTree ├── lodash._basetostring@3.0.1
23 silly currentTree ├── lodash._basevalues@3.0.0
23 silly currentTree ├── lodash._getnative@3.9.1
23 silly currentTree ├── lodash._isiterateecall@3.0.9
23 silly currentTree ├── lodash._reescape@3.0.0
23 silly currentTree ├── lodash._reevaluate@3.0.0
23 silly currentTree ├── lodash._reinterpolate@3.0.0
23 silly currentTree ├── lodash.escape@3.0.0
23 silly currentTree ├── lodash.isarguments@3.0.4
23 silly currentTree ├── lodash.isarray@3.0.4
23 silly currentTree ├── lodash.keys@3.1.2
23 silly currentTree ├── lodash.restparam@3.6.1
23 silly currentTree ├── lodash.template@3.6.2
23 silly currentTree ├── lodash.templatesettings@3.1.0
23 silly currentTree ├── lodash@0.9.2
23 silly currentTree ├── logalot@2.1.0
23 silly currentTree ├── longest@1.0.1
23 silly currentTree ├── loud-rejection@1.2.0
23 silly currentTree ├── lowercase-keys@1.0.0
23 silly currentTree ├── lpad-align@1.1.0
23 silly currentTree ├── lpad@2.0.1
23 silly currentTree ├── lru-cache@2.7.0
23 silly currentTree ├── map-obj@1.0.1
23 silly currentTree ├── matchdep@0.3.0
23 silly currentTree ├─┬ maxmin@0.2.2
23 silly currentTree │ ├── ansi-regex@0.2.1
23 silly currentTree │ ├── ansi-styles@1.1.0
23 silly currentTree │ ├── chalk@0.5.1
23 silly currentTree │ ├── has-ansi@0.1.0
23 silly currentTree │ ├── pretty-bytes@0.1.2
23 silly currentTree │ ├── strip-ansi@0.3.0
23 silly currentTree │ └── supports-color@0.2.0
23 silly currentTree ├─┬ meow@3.6.0
23 silly currentTree │ └── object-assign@4.0.1
23 silly currentTree ├── merge-stream@1.0.0
23 silly currentTree ├── minimatch@0.2.14
23 silly currentTree ├── minimist@1.2.0
23 silly currentTree ├─┬ mkdirp@0.5.1
23 silly currentTree │ └── minimist@0.0.8
23 silly currentTree ├─┬ multipipe@0.1.2
23 silly currentTree │ ├── duplexer2@0.0.2
23 silly currentTree │ └── readable-stream@1.1.13
23 silly currentTree ├── node-status-codes@1.0.0
23 silly currentTree ├── nodeunit@0.9.1
23 silly currentTree ├── nopt@1.0.10
23 silly currentTree ├─┬ noptify@0.0.3
23 silly currentTree │ └── nopt@2.0.0
23 silly currentTree ├── normalize-package-data@2.3.5
23 silly currentTree ├── number-is-nan@1.0.0
23 silly currentTree ├── object-assign@2.1.1
23 silly currentTree ├── once@1.3.2
23 silly currentTree ├── onetime@1.0.0
23 silly currentTree ├── optional@0.1.3
23 silly currentTree ├── optipng-bin@3.0.3
23 silly currentTree ├── ordered-read-streams@0.3.0
23 silly currentTree ├── os-filter-obj@1.0.3
23 silly currentTree ├── os-tmpdir@1.0.1
23 silly currentTree ├── pako@0.2.8
23 silly currentTree ├── parse-json@2.2.0
23 silly currentTree ├── path-exists@1.0.0
23 silly currentTree ├── path-is-absolute@1.0.0
23 silly currentTree ├─┬ path-type@1.1.0
23 silly currentTree │ ├── graceful-fs@4.1.2
23 silly currentTree │ ├── pinkie-promise@2.0.0
23 silly currentTree │ └── pinkie@2.0.0
23 silly currentTree ├── pend@1.2.0
23 silly currentTree ├── pify@2.3.0
23 silly currentTree ├── pinkie-promise@1.0.0
23 silly currentTree ├── pinkie@1.0.0
23 silly currentTree ├── prepend-http@1.0.3
23 silly currentTree ├── pretty-bytes@1.0.4
23 silly currentTree ├── process-nextick-args@1.0.3
23 silly currentTree ├── q@1.4.1
23 silly currentTree ├── qs@0.5.6
23 silly currentTree ├─┬ rc@0.5.5
23 silly currentTree │ └── minimist@0.0.10
23 silly currentTree ├── read-all-stream@3.0.1
23 silly currentTree ├── read-pkg-up@1.0.1
23 silly currentTree ├── read-pkg@1.1.0
23 silly currentTree ├── readable-stream@2.0.4
23 silly currentTree ├── redent@1.0.0
23 silly currentTree ├── repeat-string@1.5.2
23 silly currentTree ├── repeating@2.0.0
23 silly currentTree ├── replace-ext@0.0.1
23 silly currentTree ├── resolve@0.5.1
23 silly currentTree ├── right-align@0.1.3
23 silly currentTree ├── rimraf@2.2.8
23 silly currentTree ├── runforcover@0.0.2
23 silly currentTree ├── sax@1.1.4
23 silly currentTree ├── seek-bzip@1.0.5
23 silly currentTree ├── semver-regex@1.0.0
23 silly currentTree ├── semver-truncate@1.1.0
23 silly currentTree ├── semver@5.0.3
23 silly currentTree ├── set-immediate-shim@1.0.1
23 silly currentTree ├── shelljs@0.3.0
23 silly currentTree ├── sigmund@1.0.1
23 silly currentTree ├── signal-exit@2.1.2
23 silly currentTree ├── slide@1.1.6
23 silly currentTree ├── source-map@0.5.3
23 silly currentTree ├── sparkles@1.0.0
23 silly currentTree ├── spdx-correct@1.0.2
23 silly currentTree ├── spdx-exceptions@1.0.4
23 silly currentTree ├── spdx-expression-parse@1.0.1
23 silly currentTree ├── spdx-license-ids@1.1.0
23 silly currentTree ├── sprintf-js@1.0.3
23 silly currentTree ├── squeak@1.3.0
23 silly currentTree ├── stack-trace@0.0.7
23 silly currentTree ├── stat-mode@0.2.1
23 silly currentTree ├── stream-combiner2@1.1.1
23 silly currentTree ├── string_decoder@0.10.31
23 silly currentTree ├── strip-ansi@3.0.0
23 silly currentTree ├── strip-bom-stream@1.0.0
23 silly currentTree ├── strip-bom@2.0.0
23 silly currentTree ├── strip-dirs@1.1.1
23 silly currentTree ├── strip-indent@1.0.1
23 silly currentTree ├── strip-json-comments@0.1.3
23 silly currentTree ├── strip-outer@1.0.0
23 silly currentTree ├── sum-up@1.0.2
23 silly currentTree ├── supports-color@2.0.0
23 silly currentTree ├─┬ svgo@0.6.0
23 silly currentTree │ ├── argparse@1.0.3
23 silly currentTree │ ├── colors@1.1.2
23 silly currentTree │ ├── esprima@2.7.0
23 silly currentTree │ ├── js-yaml@3.4.3
23 silly currentTree │ └── lodash@3.10.1
23 silly currentTree ├─┬ tap@0.7.1
23 silly currentTree │ ├── glob@4.5.3
23 silly currentTree │ ├── minimatch@2.0.10
23 silly currentTree │ └── nopt@3.0.6
23 silly currentTree ├── tar-stream@1.3.1
23 silly currentTree ├── tempfile@1.1.1
23 silly currentTree ├─┬ through2-filter@2.0.0
23 silly currentTree │ └── through2@2.0.0
23 silly currentTree ├─┬ through2@0.6.5
23 silly currentTree │ └── readable-stream@1.0.33
23 silly currentTree ├── timed-out@2.0.0
23 silly currentTree ├── tiny-lr-fork@0.0.5
23 silly currentTree ├── to-absolute-glob@0.1.1
23 silly currentTree ├── traverse@0.6.6
23 silly currentTree ├── trim-newlines@1.0.0
23 silly currentTree ├── trim-repeated@1.0.0
23 silly currentTree ├── tunnel-agent@0.4.1
23 silly currentTree ├── typedarray@0.0.6
23 silly currentTree ├── uglify-js@1.1.1
23 silly currentTree ├── uglify-to-browserify@1.0.2
23 silly currentTree ├── underscore.string@2.2.1
23 silly currentTree ├── underscore@1.7.0
23 silly currentTree ├── unique-stream@2.2.0
23 silly currentTree ├── unzip-response@1.0.0
23 silly currentTree ├── url-parse-lax@1.0.0
23 silly currentTree ├── url-regex@3.0.0
23 silly currentTree ├── util-deprecate@1.0.2
23 silly currentTree ├── uuid@2.0.1
23 silly currentTree ├── validate-npm-package-license@3.0.1
23 silly currentTree ├─┬ vinyl-assign@1.2.1
23 silly currentTree │ └── object-assign@4.0.1
23 silly currentTree ├─┬ vinyl-fs@1.0.0
23 silly currentTree │ ├── clone@0.2.0
23 silly currentTree │ ├── glob-stream@4.1.1
23 silly currentTree │ ├── glob@4.5.3
23 silly currentTree │ ├── graceful-fs@3.0.8
23 silly currentTree │ ├── merge-stream@0.1.8
23 silly currentTree │ ├── minimatch@2.0.10
23 silly currentTree │ ├── ordered-read-streams@0.1.0
23 silly currentTree │ ├── strip-bom@1.0.0
23 silly currentTree │ └── vinyl@0.4.6
23 silly currentTree ├── vinyl@1.1.0
23 silly currentTree ├── ware@1.3.0
23 silly currentTree ├── whet.extend@0.9.9
23 silly currentTree ├── which@1.0.9
23 silly currentTree ├── window-size@0.1.0
23 silly currentTree ├── wordwrap@0.0.2
23 silly currentTree ├── wrap-fn@0.1.4
23 silly currentTree ├── wrappy@1.0.1
23 silly currentTree ├── xtend@4.0.1
23 silly currentTree ├── yamlish@0.0.7
23 silly currentTree ├─┬ yargs@3.10.0
23 silly currentTree │ └── camelcase@1.2.1
23 silly currentTree └── yauzl@2.3.1
24 silly idealTree modules@0.1.0
24 silly idealTree ├── abbrev@1.0.7
24 silly idealTree ├── align-text@0.1.3
24 silly idealTree ├── ansi-regex@2.0.0
24 silly idealTree ├── ansi-styles@2.1.0
24 silly idealTree ├── archive-type@3.0.2
24 silly idealTree ├─┬ argparse@0.1.16
24 silly idealTree │ └── underscore.string@2.4.0
24 silly idealTree ├── array-differ@1.0.0
24 silly idealTree ├── array-uniq@1.0.2
24 silly idealTree ├── async-each-series@1.1.0
24 silly idealTree ├── async@0.1.22
24 silly idealTree ├── balanced-match@0.2.1
24 silly idealTree ├── beeper@1.1.0
24 silly idealTree ├── bin-build@2.2.0
24 silly idealTree ├── bin-check@2.0.0
24 silly idealTree ├─┬ bin-version-check@2.1.0
24 silly idealTree │ └── semver@4.3.6
24 silly idealTree ├── bin-version@1.0.4
24 silly idealTree ├── bin-wrapper@3.0.2
24 silly idealTree ├── bl@1.0.0
24 silly idealTree ├── brace-expansion@1.1.1
24 silly idealTree ├── browserify-zlib@0.1.4
24 silly idealTree ├── buffer-equal@0.0.1
24 silly idealTree ├── buffer-to-vinyl@1.1.0
24 silly idealTree ├── builtin-modules@1.1.0
24 silly idealTree ├── bunker@0.1.2
24 silly idealTree ├─┬ burrito@0.2.12
24 silly idealTree │ └── traverse@0.5.2
24 silly idealTree ├── camelcase-keys@2.0.0
24 silly idealTree ├── camelcase@2.0.0
24 silly idealTree ├── capture-stack-trace@1.0.0
24 silly idealTree ├─┬ caw@1.1.0
24 silly idealTree │ └── object-assign@3.0.0
24 silly idealTree ├── center-align@0.1.2
24 silly idealTree ├── chalk@1.1.1
24 silly idealTree ├── charm@0.1.2
24 silly idealTree ├── clap@1.0.9
24 silly idealTree ├─┬ cli@0.6.6
24 silly idealTree │ ├── glob@3.2.11
24 silly idealTree │ └── minimatch@0.3.0
24 silly idealTree ├── cliui@2.1.0
24 silly idealTree ├── clone-stats@0.0.1
24 silly idealTree ├── clone@1.0.2
24 silly idealTree ├── co@3.1.0
24 silly idealTree ├── coa@1.0.1
24 silly idealTree ├── coffee-script@1.3.3
24 silly idealTree ├── colors@0.6.2
24 silly idealTree ├── commander@2.8.1
24 silly idealTree ├── concat-map@0.0.1
24 silly idealTree ├── concat-stream@1.5.1
24 silly idealTree ├── console-browserify@1.1.0
24 silly idealTree ├── console-stream@0.1.1
24 silly idealTree ├── convert-source-map@1.1.2
24 silly idealTree ├── core-util-is@1.0.1
24 silly idealTree ├── create-error-class@2.0.1
24 silly idealTree ├── cross-spawn@0.2.9
24 silly idealTree ├── csso@1.4.2
24 silly idealTree ├── dargs@4.0.1
24 silly idealTree ├── date-now@0.1.4
24 silly idealTree ├── dateformat@1.0.2-1.2.3
24 silly idealTree ├── debug@0.7.4
24 silly idealTree ├── decamelize@1.1.1
24 silly idealTree ├─┬ decompress-tar@3.1.0
24 silly idealTree │ ├── clone@0.2.0
24 silly idealTree │ └── vinyl@0.4.6
24 silly idealTree ├─┬ decompress-tarbz2@3.1.0
24 silly idealTree │ ├── clone@0.2.0
24 silly idealTree │ └── vinyl@0.4.6
24 silly idealTree ├─┬ decompress-targz@3.1.0
24 silly idealTree │ ├── clone@0.2.0
24 silly idealTree │ └── vinyl@0.4.6
24 silly idealTree ├─┬ decompress-unzip@3.4.0
24 silly idealTree │ └── through2@2.0.0
24 silly idealTree ├─┬ decompress@3.0.0
24 silly idealTree │ ├── graceful-fs@4.1.2
24 silly idealTree │ ├── object-assign@4.0.1
24 silly idealTree │ ├── through2@2.0.0
24 silly idealTree │ └── vinyl-fs@2.2.1
24 silly idealTree ├── deep-equal@1.0.1
24 silly idealTree ├── deep-extend@0.2.11
24 silly idealTree ├── deep-is@0.1.3
24 silly idealTree ├── difflet@0.2.6
24 silly idealTree ├─┬ dom-serializer@0.1.0
24 silly idealTree │ ├── domelementtype@1.1.3
24 silly idealTree │ └── entities@1.1.1
24 silly idealTree ├── domelementtype@1.3.0
24 silly idealTree ├── domhandler@2.3.0
24 silly idealTree ├── domutils@1.5.1
24 silly idealTree ├─┬ download@4.4.1
24 silly idealTree │ ├── graceful-fs@4.1.2
24 silly idealTree │ ├── object-assign@4.0.1
24 silly idealTree │ ├── through2@2.0.0
24 silly idealTree │ └── vinyl-fs@2.2.1
24 silly idealTree ├── duplexer2@0.1.4
24 silly idealTree ├─┬ duplexify@3.4.2
24 silly idealTree │ └── end-of-stream@1.0.0
24 silly idealTree ├── each-async@1.1.1
24 silly idealTree ├── end-of-stream@1.1.0
24 silly idealTree ├── entities@1.0.0
24 silly idealTree ├── error-ex@1.3.0
24 silly idealTree ├── escape-string-regexp@1.0.3
24 silly idealTree ├── esprima@1.0.4
24 silly idealTree ├── eventemitter2@0.4.14
24 silly idealTree ├── exec-buffer@2.0.1
24 silly idealTree ├── exec-series@1.0.2
24 silly idealTree ├── executable@1.1.0
24 silly idealTree ├── exit@0.1.2
24 silly idealTree ├── extend-shallow@2.0.1
24 silly idealTree ├── extend@3.0.0
24 silly idealTree ├─┬ fancy-log@1.1.0
24 silly idealTree │ └── dateformat@1.0.11
24 silly idealTree ├── faye-websocket@0.4.4
24 silly idealTree ├── fd-slicer@1.0.1
24 silly idealTree ├── figures@1.4.0
24 silly idealTree ├── file-type@3.3.0
24 silly idealTree ├── filename-reserved-regex@1.0.0
24 silly idealTree ├── filenamify@1.2.0
24 silly idealTree ├── find-index@0.1.1
24 silly idealTree ├─┬ find-up@1.1.0
24 silly idealTree │ ├── path-exists@2.1.0
24 silly idealTree │ ├── pinkie-promise@2.0.0
24 silly idealTree │ └── pinkie@2.0.0
24 silly idealTree ├─┬ find-versions@1.2.0
24 silly idealTree │ └── get-stdin@5.0.1
24 silly idealTree ├─┬ findup-sync@0.1.3
24 silly idealTree │ ├── glob@3.2.11
24 silly idealTree │ ├── lodash@2.4.2
24 silly idealTree │ └── minimatch@0.3.0
24 silly idealTree ├── first-chunk-stream@1.0.0
24 silly idealTree ├── gaze@0.5.2
24 silly idealTree ├── get-proxy@1.0.1
24 silly idealTree ├── get-stdin@4.0.1
24 silly idealTree ├── getobject@0.1.0
24 silly idealTree ├── gifsicle@3.0.3
24 silly idealTree ├─┬ glob-stream@5.2.0
24 silly idealTree │ ├── glob@5.0.15
24 silly idealTree │ └── minimatch@2.0.10
24 silly idealTree ├── glob-watcher@0.0.8
24 silly idealTree ├── glob2base@0.0.12
24 silly idealTree ├─┬ glob@3.1.21
24 silly idealTree │ └── inherits@1.0.2
24 silly idealTree ├─┬ globule@0.1.0
24 silly idealTree │ └── lodash@1.0.2
24 silly idealTree ├── glogg@1.0.0
24 silly idealTree ├─┬ got@5.1.0
24 silly idealTree │ └── object-assign@4.0.1
24 silly idealTree ├── graceful-fs@1.2.3
24 silly idealTree ├── graceful-readlink@1.0.1
24 silly idealTree ├─┬ grunt-contrib-imagemin@0.9.4
24 silly idealTree │ └── async@0.9.2
24 silly idealTree ├── grunt-contrib-jshint@0.11.3
24 silly idealTree ├── grunt-contrib-nodeunit@0.4.1
24 silly idealTree ├─┬ grunt-contrib-sass@0.9.2
24 silly idealTree │ ├── ansi-regex@0.2.1
24 silly idealTree │ ├── ansi-styles@1.1.0
24 silly idealTree │ ├── async@0.9.2
24 silly idealTree │ ├── chalk@0.5.1
24 silly idealTree │ ├── has-ansi@0.1.0
24 silly idealTree │ ├── strip-ansi@0.3.0
24 silly idealTree │ └── supports-color@0.2.0
24 silly idealTree ├─┬ grunt-contrib-uglify@0.5.1
24 silly idealTree │ ├── ansi-regex@0.2.1
24 silly idealTree │ ├── ansi-styles@1.1.0
24 silly idealTree │ ├── async@0.2.10
24 silly idealTree │ ├── chalk@0.5.1
24 silly idealTree │ ├── has-ansi@0.1.0
24 silly idealTree │ ├── lodash@2.4.2
24 silly idealTree │ ├── strip-ansi@0.3.0
24 silly idealTree │ ├── supports-color@0.2.0
24 silly idealTree │ └── uglify-js@2.6.1
24 silly idealTree ├─┬ grunt-contrib-watch@0.6.1
24 silly idealTree │ ├── async@0.2.10
24 silly idealTree │ └── lodash@2.4.2
24 silly idealTree ├─┬ grunt-legacy-log-utils@0.1.1
24 silly idealTree │ ├── lodash@2.4.2
24 silly idealTree │ └── underscore.string@2.3.3
24 silly idealTree ├─┬ grunt-legacy-log@0.1.2
24 silly idealTree │ ├── lodash@2.4.2
24 silly idealTree │ └── underscore.string@2.3.3
24 silly idealTree ├── grunt-legacy-util@0.2.0
24 silly idealTree ├── grunt@0.4.5
24 silly idealTree ├── gulp-decompress@1.2.0
24 silly idealTree ├── gulp-rename@1.2.2
24 silly idealTree ├─┬ gulp-sourcemaps@1.6.0
24 silly idealTree │ ├── graceful-fs@4.1.2
24 silly idealTree │ └── through2@2.0.0
24 silly idealTree ├─┬ gulp-util@3.0.7
24 silly idealTree │ ├── dateformat@1.0.11
24 silly idealTree │ ├── object-assign@3.0.0
24 silly idealTree │ ├── through2@2.0.0
24 silly idealTree │ └── vinyl@0.5.3
24 silly idealTree ├── gulplog@1.0.0
24 silly idealTree ├── gzip-size@0.2.0
24 silly idealTree ├── has-ansi@2.0.0
24 silly idealTree ├── has-gulplog@0.1.0
24 silly idealTree ├── hooker@0.2.3
24 silly idealTree ├── hosted-git-info@2.1.4
24 silly idealTree ├─┬ htmlparser2@3.8.3
24 silly idealTree │ └── readable-stream@1.1.13
24 silly idealTree ├── iconv-lite@0.2.11
24 silly idealTree ├── imagemin-gifsicle@4.2.0
24 silly idealTree ├─┬ imagemin-jpegtran@4.3.2
24 silly idealTree │ └── through2@2.0.0
24 silly idealTree ├── imagemin-optipng@4.3.0
24 silly idealTree ├─┬ imagemin-svgo@4.2.0
24 silly idealTree │ └── through2@2.0.0
24 silly idealTree ├── imagemin@3.2.2
24 silly idealTree ├── indent-string@2.1.0
24 silly idealTree ├── inflight@1.0.4
24 silly idealTree ├── inherits@2.0.1
24 silly idealTree ├── ini@1.3.4
24 silly idealTree ├── ip-regex@1.0.3
24 silly idealTree ├── is-absolute@0.1.7
24 silly idealTree ├── is-arrayish@0.2.1
24 silly idealTree ├── is-buffer@1.1.0
24 silly idealTree ├── is-builtin-module@1.0.0
24 silly idealTree ├── is-bzip2@1.0.0
24 silly idealTree ├── is-extendable@0.1.1
24 silly idealTree ├── is-finite@1.0.1
24 silly idealTree ├── is-gif@1.0.0
24 silly idealTree ├── is-gzip@1.0.0
24 silly idealTree ├── is-jpg@1.0.0
24 silly idealTree ├── is-natural-number@2.0.0
24 silly idealTree ├── is-obj@1.0.0
24 silly idealTree ├── is-plain-obj@1.1.0
24 silly idealTree ├── is-png@1.0.0
24 silly idealTree ├── is-redirect@1.0.0
24 silly idealTree ├── is-relative@0.1.3
24 silly idealTree ├── is-stream@1.0.1
24 silly idealTree ├── is-svg@1.1.1
24 silly idealTree ├── is-tar@1.0.0
24 silly idealTree ├── is-url@1.2.1
24 silly idealTree ├── is-utf8@0.2.0
24 silly idealTree ├── is-valid-glob@0.3.0
24 silly idealTree ├── is-zip@1.0.0
24 silly idealTree ├── isarray@0.0.1
24 silly idealTree ├── jpegtran-bin@3.0.6
24 silly idealTree ├── js-yaml@2.0.5
24 silly idealTree ├─┬ jshint@2.8.0
24 silly idealTree │ ├── lodash@3.7.0
24 silly idealTree │ ├── minimatch@2.0.10
24 silly idealTree │ └── strip-json-comments@1.0.4
24 silly idealTree ├── kind-of@2.0.1
24 silly idealTree ├── lazy-cache@0.2.4
24 silly idealTree ├── lazy-req@1.1.0
24 silly idealTree ├─┬ load-json-file@1.1.0
24 silly idealTree │ ├── graceful-fs@4.1.2
24 silly idealTree │ ├── pinkie-promise@2.0.0
24 silly idealTree │ └── pinkie@2.0.0
24 silly idealTree ├── lodash._basecopy@3.0.1
24 silly idealTree ├── lodash._basetostring@3.0.1
24 silly idealTree ├── lodash._basevalues@3.0.0
24 silly idealTree ├── lodash._getnative@3.9.1
24 silly idealTree ├── lodash._isiterateecall@3.0.9
24 silly idealTree ├── lodash._reescape@3.0.0
24 silly idealTree ├── lodash._reevaluate@3.0.0
24 silly idealTree ├── lodash._reinterpolate@3.0.0
24 silly idealTree ├── lodash.escape@3.0.0
24 silly idealTree ├── lodash.isarguments@3.0.4
24 silly idealTree ├── lodash.isarray@3.0.4
24 silly idealTree ├── lodash.keys@3.1.2
24 silly idealTree ├── lodash.restparam@3.6.1
24 silly idealTree ├── lodash.template@3.6.2
24 silly idealTree ├── lodash.templatesettings@3.1.0
24 silly idealTree ├── lodash@0.9.2
24 silly idealTree ├── logalot@2.1.0
24 silly idealTree ├── longest@1.0.1
24 silly idealTree ├── loud-rejection@1.2.0
24 silly idealTree ├── lowercase-keys@1.0.0
24 silly idealTree ├── lpad-align@1.1.0
24 silly idealTree ├── lpad@2.0.1
24 silly idealTree ├── lru-cache@2.7.0
24 silly idealTree ├── map-obj@1.0.1
24 silly idealTree ├── matchdep@0.3.0
24 silly idealTree ├─┬ maxmin@0.2.2
24 silly idealTree │ ├── ansi-regex@0.2.1
24 silly idealTree │ ├── ansi-styles@1.1.0
24 silly idealTree │ ├── chalk@0.5.1
24 silly idealTree │ ├── has-ansi@0.1.0
24 silly idealTree │ ├── pretty-bytes@0.1.2
24 silly idealTree │ ├── strip-ansi@0.3.0
24 silly idealTree │ └── supports-color@0.2.0
24 silly idealTree ├─┬ meow@3.6.0
24 silly idealTree │ └── object-assign@4.0.1
24 silly idealTree ├── merge-stream@1.0.0
24 silly idealTree ├── minimatch@0.2.14
24 silly idealTree ├── minimist@1.2.0
24 silly idealTree ├─┬ mkdirp@0.5.1
24 silly idealTree │ └── minimist@0.0.8
24 silly idealTree ├─┬ multipipe@0.1.2
24 silly idealTree │ ├── duplexer2@0.0.2
24 silly idealTree │ └── readable-stream@1.1.13
24 silly idealTree ├── node-status-codes@1.0.0
24 silly idealTree ├── nodeunit@0.9.1
24 silly idealTree ├── nopt@1.0.10
24 silly idealTree ├─┬ noptify@0.0.3
24 silly idealTree │ └── nopt@2.0.0
24 silly idealTree ├── normalize-package-data@2.3.5
24 silly idealTree ├── number-is-nan@1.0.0
24 silly idealTree ├── object-assign@2.1.1
24 silly idealTree ├── once@1.3.2
24 silly idealTree ├── onetime@1.0.0
24 silly idealTree ├── optional@0.1.3
24 silly idealTree ├── optipng-bin@3.0.3
24 silly idealTree ├── ordered-read-streams@0.3.0
24 silly idealTree ├── os-filter-obj@1.0.3
24 silly idealTree ├── os-tmpdir@1.0.1
24 silly idealTree ├── pako@0.2.8
24 silly idealTree ├── parse-json@2.2.0
24 silly idealTree ├── path-exists@1.0.0
24 silly idealTree ├── path-is-absolute@1.0.0
24 silly idealTree ├─┬ path-type@1.1.0
24 silly idealTree │ ├── graceful-fs@4.1.2
24 silly idealTree │ ├── pinkie-promise@2.0.0
24 silly idealTree │ └── pinkie@2.0.0
24 silly idealTree ├── pend@1.2.0
24 silly idealTree ├── pify@2.3.0
24 silly idealTree ├── pinkie-promise@1.0.0
24 silly idealTree ├── pinkie@1.0.0
24 silly idealTree ├── prepend-http@1.0.3
24 silly idealTree ├── pretty-bytes@1.0.4
24 silly idealTree ├── process-nextick-args@1.0.3
24 silly idealTree ├── q@1.4.1
24 silly idealTree ├── qs@0.5.6
24 silly idealTree ├─┬ rc@0.5.5
24 silly idealTree │ └── minimist@0.0.10
24 silly idealTree ├── read-all-stream@3.0.1
24 silly idealTree ├── read-pkg-up@1.0.1
24 silly idealTree ├── read-pkg@1.1.0
24 silly idealTree ├── readable-stream@2.0.4
24 silly idealTree ├── redent@1.0.0
24 silly idealTree ├── repeat-string@1.5.2
24 silly idealTree ├── repeating@2.0.0
24 silly idealTree ├── replace-ext@0.0.1
24 silly idealTree ├── resolve@0.5.1
24 silly idealTree ├── right-align@0.1.3
24 silly idealTree ├── rimraf@2.2.8
24 silly idealTree ├── runforcover@0.0.2
24 silly idealTree ├── sax@1.1.4
24 silly idealTree ├── seek-bzip@1.0.5
24 silly idealTree ├── semver-regex@1.0.0
24 silly idealTree ├── semver-truncate@1.1.0
24 silly idealTree ├── semver@5.0.3
24 silly idealTree ├── set-immediate-shim@1.0.1
24 silly idealTree ├── shelljs@0.3.0
24 silly idealTree ├── sigmund@1.0.1
24 silly idealTree ├── signal-exit@2.1.2
24 silly idealTree ├── slide@1.1.6
24 silly idealTree ├── source-map@0.5.3
24 silly idealTree ├── sparkles@1.0.0
24 silly idealTree ├── spdx-correct@1.0.2
24 silly idealTree ├── spdx-exceptions@1.0.4
24 silly idealTree ├── spdx-expression-parse@1.0.1
24 silly idealTree ├── spdx-license-ids@1.1.0
24 silly idealTree ├── sprintf-js@1.0.3
24 silly idealTree ├── squeak@1.3.0
24 silly idealTree ├── stack-trace@0.0.7
24 silly idealTree ├── stat-mode@0.2.1
24 silly idealTree ├── stream-combiner2@1.1.1
24 silly idealTree ├── string_decoder@0.10.31
24 silly idealTree ├── strip-ansi@3.0.0
24 silly idealTree ├── strip-bom-stream@1.0.0
24 silly idealTree ├── strip-bom@2.0.0
24 silly idealTree ├── strip-dirs@1.1.1
24 silly idealTree ├── strip-indent@1.0.1
24 silly idealTree ├── strip-json-comments@0.1.3
24 silly idealTree ├── strip-outer@1.0.0
24 silly idealTree ├── sum-up@1.0.2
24 silly idealTree ├── supports-color@2.0.0
24 silly idealTree ├─┬ svgo@0.6.0
24 silly idealTree │ ├── argparse@1.0.3
24 silly idealTree │ ├── colors@1.1.2
24 silly idealTree │ ├── esprima@2.7.0
24 silly idealTree │ ├── js-yaml@3.4.3
24 silly idealTree │ └── lodash@3.10.1
24 silly idealTree ├─┬ tap@0.7.1
24 silly idealTree │ ├── glob@4.5.3
24 silly idealTree │ ├── minimatch@2.0.10
24 silly idealTree │ └── nopt@3.0.6
24 silly idealTree ├── tar-stream@1.3.1
24 silly idealTree ├── tempfile@1.1.1
24 silly idealTree ├─┬ through2-filter@2.0.0
24 silly idealTree │ └── through2@2.0.0
24 silly idealTree ├─┬ through2@0.6.5
24 silly idealTree │ └── readable-stream@1.0.33
24 silly idealTree ├── timed-out@2.0.0
24 silly idealTree ├── tiny-lr-fork@0.0.5
24 silly idealTree ├── to-absolute-glob@0.1.1
24 silly idealTree ├── traverse@0.6.6
24 silly idealTree ├── trim-newlines@1.0.0
24 silly idealTree ├── trim-repeated@1.0.0
24 silly idealTree ├── tunnel-agent@0.4.1
24 silly idealTree ├── typedarray@0.0.6
24 silly idealTree ├── uglify-js@1.1.1
24 silly idealTree ├── uglify-to-browserify@1.0.2
24 silly idealTree ├── underscore.string@2.2.1
24 silly idealTree ├── underscore@1.7.0
24 silly idealTree ├── unique-stream@2.2.0
24 silly idealTree ├── unzip-response@1.0.0
24 silly idealTree ├── url-parse-lax@1.0.0
24 silly idealTree ├── url-regex@3.0.0
24 silly idealTree ├── util-deprecate@1.0.2
24 silly idealTree ├── uuid@2.0.1
24 silly idealTree ├── validate-npm-package-license@3.0.1
24 silly idealTree ├─┬ vinyl-assign@1.2.1
24 silly idealTree │ └── object-assign@4.0.1
24 silly idealTree ├─┬ vinyl-fs@1.0.0
24 silly idealTree │ ├── clone@0.2.0
24 silly idealTree │ ├── glob-stream@4.1.1
24 silly idealTree │ ├── glob@4.5.3
24 silly idealTree │ ├── graceful-fs@3.0.8
24 silly idealTree │ ├── merge-stream@0.1.8
24 silly idealTree │ ├── minimatch@2.0.10
24 silly idealTree │ ├── ordered-read-streams@0.1.0
24 silly idealTree │ ├── strip-bom@1.0.0
24 silly idealTree │ └── vinyl@0.4.6
24 silly idealTree ├── vinyl@1.1.0
24 silly idealTree ├── ware@1.3.0
24 silly idealTree ├── whet.extend@0.9.9
24 silly idealTree ├── which@1.0.9
24 silly idealTree ├── window-size@0.1.0
24 silly idealTree ├── wordwrap@0.0.2
24 silly idealTree ├── wrap-fn@0.1.4
24 silly idealTree ├── wrappy@1.0.1
24 silly idealTree ├── xtend@4.0.1
24 silly idealTree ├── yamlish@0.0.7
24 silly idealTree ├─┬ yargs@3.10.0
24 silly idealTree │ └── camelcase@1.2.1
24 silly idealTree └── yauzl@2.3.1
25 silly generateActionsToTake Starting
26 silly install generateActionsToTake
27 silly generateActionsToTake Finishing
28 silly diffTrees action count 0
29 silly decomposeActions action count 0
30 silly executeActions Starting
31 silly install executeActions
32 silly doSerial global-install 0
33 silly doParallel fetch 0
34 verbose lock using /home/lynn/.npm/_locks/staging-5713ad074d1c1948.lock for /home/lynn/workspace/capstone1/lib/node_modules/.staging
35 verbose unlock done using /home/lynn/.npm/_locks/staging-5713ad074d1c1948.lock for /home/lynn/workspace/capstone1/lib/node_modules/.staging
36 silly rollbackFailedOptional Starting
37 silly rollbackFailedOptional Finishing
38 silly runTopLevelLifecycles Starting
39 silly runTopLevelLifecycles Finishing
40 silly install printInstalled
41 warn EPACKAGEJSON modules@0.1.0 No description
42 warn EPACKAGEJSON modules@0.1.0 No repository field.
43 warn EPACKAGEJSON modules@0.1.0 No license field.
44 verbose stack Error: EACCES, mkdir '/home/lynn/workspace/capstone1/lib/node_modules/.staging'
45 verbose cwd /home/lynn/workspace/capstone1/lib
46 error Linux 3.19.0-25-generic
47 error argv "node" "/usr/bin/npm" "install"
48 error node v0.10.40
49 error npm  v3.4.1
50 error path /home/lynn/workspace/capstone1/lib/node_modules/.staging
51 error code EACCES
52 error errno 3
53 error Error: EACCES, mkdir '/home/lynn/workspace/capstone1/lib/node_modules/.staging'
53 error  { [Error: EACCES, mkdir '/home/lynn/workspace/capstone1/lib/node_modules/.staging']
53 error   errno: 3,
53 error   code: 'EACCES',
53 error   path: '/home/lynn/workspace/capstone1/lib/node_modules/.staging' }
54 error Please try running this command again as root/Administrator.
55 verbose exit [ 3, true ]
